[debug] [2021-01-07T18:13:50.787Z] ----------------------------------------------------------------------
[debug] [2021-01-07T18:13:50.789Z] Command:       /usr/local/lib/node_modules/firebase-tools/lib/bin/firebase.js /Users/hapihapi/.cache/firebase/tools/lib/node_modules/firebase-tools/lib/bin/firebase init --project=zinrou-app
[debug] [2021-01-07T18:13:50.789Z] CLI Version:   9.1.0
[debug] [2021-01-07T18:13:50.789Z] Platform:      darwin
[debug] [2021-01-07T18:13:50.789Z] Node Version:  v12.18.1
[debug] [2021-01-07T18:13:50.791Z] Time:          Fri Jan 08 2021 03:13:50 GMT+0900 (GMT+09:00)
[debug] [2021-01-07T18:13:50.791Z] ----------------------------------------------------------------------
[debug] [2021-01-07T18:13:50.791Z] 
[debug] [2021-01-07T18:13:50.796Z] > command requires scopes: ["email","openid","https://www.googleapis.com/auth/cloudplatformprojects.readonly","https://www.googleapis.com/auth/firebase","https://www.googleapis.com/auth/cloud-platform"]
[debug] [2021-01-07T18:13:50.796Z] > authorizing via signed-in user
[info] 
     ######## #### ########  ######## ########     ###     ######  ########
     ##        ##  ##     ## ##       ##     ##  ##   ##  ##       ##
     ######    ##  ########  ######   ########  #########  ######  ######
     ##        ##  ##    ##  ##       ##     ## ##     ##       ## ##
     ##       #### ##     ## ######## ########  ##     ##  ######  ########

You're about to initialize a Firebase project in this directory:

  /Users/hapihapi

Before we get started, keep in mind:

  * You are initializing in an existing Firebase project directory

[info] 
=== Project Setup
[info] 
[info] First, let's associate this project directory with a Firebase project.
[info] You can create multiple project aliases by running firebase use --add, 
[info] but for now we'll just set up a default project.
[info] 
[info] i  .firebaserc already has a default project, using omutukeisanki. 
[debug] [2021-01-07T18:13:54.395Z] >>> HTTP REQUEST GET https://firebase.googleapis.com/v1beta1/projects/omutukeisanki  
 
[debug] [2021-01-07T18:13:55.314Z] <<< HTTP RESPONSE 403 {"vary":"X-Origin, Referer, Origin,Accept-Encoding","content-type":"application/json; charset=UTF-8","date":"Thu, 07 Jan 2021 18:13:55 GMT","server":"ESF","cache-control":"private","x-xss-protection":"0","x-frame-options":"SAMEORIGIN","x-content-type-options":"nosniff","alt-svc":"h3-29=\":443\"; ma=2592000,h3-T051=\":443\"; ma=2592000,h3-Q050=\":443\"; ma=2592000,h3-Q046=\":443\"; ma=2592000,h3-Q043=\":443\"; ma=2592000,quic=\":443\"; ma=2592000; v=\"46,43\"","accept-ranges":"none","transfer-encoding":"chunked"}
[debug] [2021-01-07T18:13:55.314Z] <<< HTTP RESPONSE BODY {"error":{"code":403,"message":"The caller does not have permission","status":"PERMISSION_DENIED"}}
[debug] [2021-01-07T18:13:55.316Z] HTTP Error: 403, The caller does not have permission
[debug] [2021-01-07T18:13:55.318Z] FirebaseError: HTTP Error: 403, The caller does not have permission
    at module.exports (/Users/hapihapi/.cache/firebase/tools/lib/node_modules/firebase-tools/lib/responseToError.js:38:12)
    at Request._callback (/Users/hapihapi/.cache/firebase/tools/lib/node_modules/firebase-tools/lib/api.js:41:35)
    at Request.self.callback (/Users/hapihapi/.cache/firebase/tools/lib/node_modules/request/request.js:185:22)
    at Request.emit (events.js:315:20)
    at Request.EventEmitter.emit (domain.js:482:12)
    at Request.<anonymous> (/Users/hapihapi/.cache/firebase/tools/lib/node_modules/request/request.js:1154:10)
    at Request.emit (events.js:315:20)
    at Request.EventEmitter.emit (domain.js:482:12)
    at IncomingMessage.<anonymous> (/Users/hapihapi/.cache/firebase/tools/lib/node_modules/request/request.js:1076:12)
    at Object.onceWrapper (events.js:421:28)
    at IncomingMessage.emit (events.js:327:22)
    at IncomingMessage.EventEmitter.emit (domain.js:482:12)
    at endReadableNT (_stream_readable.js:1221:12)
    at processTicksAndRejections (internal/process/task_queues.js:84:21)
[error] 
[error] Error: Failed to get Firebase project omutukeisanki. Please make sure the project exists and your account has permission to access it.
